[[32minfo[39m] cart: 8/15/2023, 3:08:32 PM  Sucessfully fetched all carts 
[[31merror[39m] cart: 8/15/2023, 4:48:58 PM  Error: Error occurs Try adding Product in cart.
    at Object.get_user_cart (/media/bhuban/72E2928AE29251E91/prithak_creation/Projects/learning/E-commerce-App/eCommerceApp/server/src/service/cartService.js:44:11)
    at processTicksAndRejections (node:internal/process/task_queues:96:5)
    at async get_user_cart (/media/bhuban/72E2928AE29251E91/prithak_creation/Projects/learning/E-commerce-App/eCommerceApp/server/src/api/cartApi.js:34:17)
[[32minfo[39m] cart: 8/15/2023, 4:49:03 PM  Product added to cart sucessfully on ID: 1a40230f-d80a-4c5d-9288-23aa8ad0f58d
[[32minfo[39m] cart: 8/15/2023, 4:49:03 PM  Sucessfully fetched carts for user : 1a40230f-d80a-4c5d-9288-23aa8ad0f58d
[[32minfo[39m] cart: 8/15/2023, 4:49:38 PM  Sucessfully fetched carts for user : 1a40230f-d80a-4c5d-9288-23aa8ad0f58d
[[32minfo[39m] cart: 8/15/2023, 5:02:52 PM  Sucessfully fetched carts for user : 1a40230f-d80a-4c5d-9288-23aa8ad0f58d
[[32minfo[39m] cart: 8/15/2023, 5:03:06 PM  Sucessfully fetched carts for user : 1a40230f-d80a-4c5d-9288-23aa8ad0f58d
[[32minfo[39m] cart: 8/15/2023, 5:03:09 PM  Product added to cart sucessfully on ID: 1a40230f-d80a-4c5d-9288-23aa8ad0f58d
[[32minfo[39m] cart: 8/15/2023, 5:03:09 PM  Sucessfully fetched carts for user : 1a40230f-d80a-4c5d-9288-23aa8ad0f58d
[[32minfo[39m] cart: 8/15/2023, 5:15:28 PM  Sucessfully fetched carts for user : 1a40230f-d80a-4c5d-9288-23aa8ad0f58d
[[32minfo[39m] cart: 8/15/2023, 5:16:31 PM  Sucessfully fetched carts for user : 1a40230f-d80a-4c5d-9288-23aa8ad0f58d
[[32minfo[39m] cart: 8/15/2023, 5:17:09 PM  Sucessfully fetched carts for user : 1a40230f-d80a-4c5d-9288-23aa8ad0f58d
[[32minfo[39m] cart: 8/15/2023, 5:19:55 PM  Sucessfully fetched carts for user : 1a40230f-d80a-4c5d-9288-23aa8ad0f58d
[[32minfo[39m] cart: 8/15/2023, 5:23:08 PM  Sucessfully fetched carts for user : 1a40230f-d80a-4c5d-9288-23aa8ad0f58d
[[32minfo[39m] cart: 8/15/2023, 5:24:21 PM  Sucessfully fetched carts for user : 1a40230f-d80a-4c5d-9288-23aa8ad0f58d
[[32minfo[39m] cart: 8/15/2023, 5:24:31 PM  Sucessfully fetched carts for user : 1a40230f-d80a-4c5d-9288-23aa8ad0f58d
[[32minfo[39m] cart: 8/17/2023, 12:06:33 PM  Sucessfully fetched carts for user : 1a40230f-d80a-4c5d-9288-23aa8ad0f58d
[[32minfo[39m] cart: 8/17/2023, 12:08:21 PM  Sucessfully fetched carts for user : 1a40230f-d80a-4c5d-9288-23aa8ad0f58d
[[32minfo[39m] cart: 8/17/2023, 12:08:28 PM  Product added to cart sucessfully on ID: 1a40230f-d80a-4c5d-9288-23aa8ad0f58d
[[32minfo[39m] cart: 8/17/2023, 12:08:29 PM  Sucessfully fetched carts for user : 1a40230f-d80a-4c5d-9288-23aa8ad0f58d
