[[32minfo[39m] product: 8/15/2023, 10:14:47 AM  Sucessfully fetched 10 products for page 1
[[32minfo[39m] product: 8/15/2023, 2:39:23 PM  Sucessfully fetched 10 products for page 1
[[32minfo[39m] product: 8/15/2023, 2:51:29 PM  Sucessfully fetched 10 products for page 1
[[32minfo[39m] product: 8/15/2023, 2:51:45 PM  Sucessfully fetched 10 products for page 1
[[32minfo[39m] product: 8/15/2023, 3:02:51 PM  Sucessfully fetched 10 products for page 1
[[32minfo[39m] product: 8/15/2023, 3:06:43 PM  Sucessfully fetched 10 products for page 1
[[32minfo[39m] product: 8/15/2023, 3:06:53 PM  Sucessfully fetched product on ID: 5e081073-63ad-4440-9aa4-75e247f9738d
[[32minfo[39m] product: 8/15/2023, 3:09:31 PM  Fetched Products for Keyword : shampoo
[[32minfo[39m] product: 8/15/2023, 3:15:21 PM  Sucessfully fetched 10 products for page 1
[[32minfo[39m] product: 8/15/2023, 4:46:03 PM  Fetched Products for Keyword : sh
[[32minfo[39m] product: 8/15/2023, 4:48:58 PM  Sucessfully fetched product on ID: c7480951-249e-4be4-9e88-d3a08fa7f34a
[[32minfo[39m] product: 8/15/2023, 4:49:17 PM  Sucessfully fetched 10 products for page 1
[[32minfo[39m] product: 8/15/2023, 4:49:36 PM  Fetched Products for Keyword : sh
[[32minfo[39m] product: 8/15/2023, 4:49:38 PM  Sucessfully fetched product on ID: c7480951-249e-4be4-9e88-d3a08fa7f34a
[[32minfo[39m] product: 8/15/2023, 4:57:27 PM  Sucessfully fetched 10 products for page 1
[[32minfo[39m] product: 8/15/2023, 4:58:14 PM  Sucessfully fetched 10 products for page 1
[[32minfo[39m] product: 8/15/2023, 5:01:12 PM  Sucessfully fetched 10 products for page 1
[[32minfo[39m] product: 8/15/2023, 5:02:38 PM  Sucessfully fetched 10 products for page 1
[[32minfo[39m] product: 8/15/2023, 5:02:52 PM  Sucessfully fetched product on ID: 5e081073-63ad-4440-9aa4-75e247f9738d
[[32minfo[39m] product: 8/15/2023, 5:03:04 PM  Fetched Products for Keyword : sh
[[32minfo[39m] product: 8/15/2023, 5:03:06 PM  Sucessfully fetched product on ID: c7480951-249e-4be4-9e88-d3a08fa7f34a
[[32minfo[39m] product: 8/15/2023, 5:13:18 PM  Sucessfully fetched 10 products for page 1
[[32minfo[39m] product: 8/15/2023, 5:14:25 PM  Sucessfully fetched 10 products for page 1
[[32minfo[39m] product: 8/15/2023, 5:15:26 PM  Fetched Products for Keyword : sh
[[32minfo[39m] product: 8/15/2023, 5:15:28 PM  Sucessfully fetched product on ID: c7480951-249e-4be4-9e88-d3a08fa7f34a
[[32minfo[39m] product: 8/15/2023, 5:16:31 PM  Sucessfully fetched product on ID: c7480951-249e-4be4-9e88-d3a08fa7f34a
[[32minfo[39m] product: 8/15/2023, 5:17:09 PM  Sucessfully fetched product on ID: c7480951-249e-4be4-9e88-d3a08fa7f34a
[[32minfo[39m] product: 8/15/2023, 5:19:55 PM  Sucessfully fetched product on ID: c7480951-249e-4be4-9e88-d3a08fa7f34a
[[32minfo[39m] product: 8/15/2023, 5:23:08 PM  Sucessfully fetched product on ID: c7480951-249e-4be4-9e88-d3a08fa7f34a
[[32minfo[39m] product: 8/15/2023, 5:24:21 PM  Sucessfully fetched product on ID: c7480951-249e-4be4-9e88-d3a08fa7f34a
[[32minfo[39m] product: 8/15/2023, 5:24:30 PM  Sucessfully fetched product on ID: c7480951-249e-4be4-9e88-d3a08fa7f34a
[[32minfo[39m] product: 8/15/2023, 5:25:07 PM  Sucessfully fetched 10 products for page 1
[[32minfo[39m] product: 8/16/2023, 9:00:30 PM  Sucessfully fetched 10 products for page 1
[[32minfo[39m] product: 8/16/2023, 9:33:12 PM  Sucessfully fetched 10 products for page 1
[[32minfo[39m] product: 8/16/2023, 9:40:07 PM  Sucessfully fetched 10 products for page 1
[[32minfo[39m] product: 8/16/2023, 9:46:58 PM  Sucessfully fetched 10 products for page 1
[[32minfo[39m] product: 8/16/2023, 9:47:31 PM  Sucessfully fetched 10 products for page 1
[[32minfo[39m] product: 8/16/2023, 10:08:11 PM  Sucessfully fetched 10 products for page 1
[[32minfo[39m] product: 8/16/2023, 10:09:44 PM  Sucessfully fetched 10 products for page 1
[[32minfo[39m] product: 8/16/2023, 10:09:50 PM  Sucessfully fetched 10 products for page 1
[[32minfo[39m] product: 8/16/2023, 10:46:02 PM  Sucessfully fetched 10 products for page 1
[[32minfo[39m] product: 8/16/2023, 11:01:02 PM  Sucessfully fetched 10 products for page 1
[[32minfo[39m] product: 8/16/2023, 11:07:08 PM  Sucessfully fetched 10 products for page 1
[[32minfo[39m] product: 8/17/2023, 11:57:56 AM  Sucessfully fetched 10 products for page 1
[[32minfo[39m] product: 8/17/2023, 12:06:33 PM  Sucessfully fetched product on ID: 5e081073-63ad-4440-9aa4-75e247f9738d
[[32minfo[39m] product: 8/17/2023, 12:08:17 PM  Fetched Products for Keyword : sh
[[32minfo[39m] product: 8/17/2023, 12:08:21 PM  Sucessfully fetched product on ID: c7480951-249e-4be4-9e88-d3a08fa7f34a
[[32minfo[39m] product: 8/17/2023, 4:05:24 PM  Sucessfully fetched 10 products for page 1
[[32minfo[39m] product: 8/17/2023, 4:06:11 PM  Sucessfully fetched product on ID: 5e081073-63ad-4440-9aa4-75e247f9738d
[[32minfo[39m] product: 8/17/2023, 4:29:53 PM  Sucessfully fetched 10 products for page 2
[[32minfo[39m] product: 8/18/2023, 9:12:54 PM  Sucessfully fetched 10 products for page 1
[[32minfo[39m] product: 8/18/2023, 10:28:36 PM  Sucessfully fetched 10 products for page 1
[[32minfo[39m] product: 8/18/2023, 10:35:53 PM  Sucessfully fetched 10 products for page 1
[[32minfo[39m] product: 8/18/2023, 10:37:42 PM  Sucessfully fetched 10 products for page 1
[[32minfo[39m] product: 8/18/2023, 10:38:18 PM  Sucessfully fetched 10 products for page 1
[[32minfo[39m] product: 8/18/2023, 10:42:43 PM  Sucessfully fetched 10 products for page 1
[[32minfo[39m] product: 8/18/2023, 10:48:25 PM  Sucessfully fetched 10 products for page 1
[[32minfo[39m] product: 8/18/2023, 11:36:09 PM  Sucessfully fetched 10 products for page 1
[[32minfo[39m] product: 8/18/2023, 11:38:30 PM  Sucessfully fetched 10 products for page 1
[[32minfo[39m] product: 8/19/2023, 12:03:05 AM  Sucessfully fetched 10 products for page 1
[[32minfo[39m] product: 8/19/2023, 12:08:47 AM  Sucessfully fetched 10 products for page 1
[[32minfo[39m] product: 8/19/2023, 12:17:53 AM  Sucessfully fetched 10 products for page 1
